<?xml version="1.0" encoding="UTF-8"?>
<!-- Generated by org.testng.reporters.JUnitXMLReporter -->
<testsuite ignored="0" hostname="DESKTOP-3J7H24P" failures="1" tests="2" name="Test" time="6.708" errors="0" timestamp="2023-08-25T20:31:30 IST">
  <testcase classname="listenerns.TestClass" name="@AfterMethod signup" time="0.009">
    <failure type="java.lang.NullPointerException" message="Cannot invoke &amp;quot;org.openqa.selenium.TakesScreenshot.getScreenshotAs(org.openqa.selenium.OutputType)&amp;quot; because &amp;quot;this.driver&amp;quot; is null">
      <![CDATA[java.lang.NullPointerException: Cannot invoke "org.openqa.selenium.TakesScreenshot.getScreenshotAs(org.openqa.selenium.OutputType)" because "this.driver" is null
at listenerns.BaseClass.takescrnshot(BaseClass.java:26)
at listenerns.TestClass.signup(TestClass.java:34)
at java.base/java.util.ArrayList.forEach(ArrayList.java:1511)
... Removed 30 stack frames]]>
    </failure>
  </testcase> <!-- @AfterMethod signup -->
  <testcase classname="listenerns.TestClass" name="@BeforeMethod login" time="0.0">
    <skipped/>
  </testcase> <!-- @BeforeMethod login -->
  <testcase classname="listenerns.TestClass" name="@AfterMethod signup" time="0.0">
    <skipped/>
  </testcase> <!-- @AfterMethod signup -->
  <testcase classname="listenerns.TestClass" name="tc01" time="0.014">
    <failure type="java.lang.AssertionError" message="null">
      <![CDATA[java.lang.AssertionError: null
at listenerns.TestClass.tc01(TestClass.java:43)
at java.base/java.util.ArrayList.forEach(ArrayList.java:1511)
... Removed 27 stack frames]]>
    </failure>
  </testcase> <!-- tc01 -->
  <testcase classname="listenerns.TestClass" name="tc02" time="0.0">
    <skipped/>
  </testcase> <!-- tc02 -->
</testsuite> <!-- Test -->
