<?xml version="1.0" encoding="UTF-8"?>
<testng-results ignored="0" total="1" passed="1" failed="0" skipped="0">
  <reporter-output>
  </reporter-output>
  <suite started-at="2023-12-31T21:00:09 IST" name="Suite" finished-at="2023-12-31T21:00:09 IST" duration-ms="82">
    <groups>
    </groups>
    <test started-at="2023-12-31T21:00:09 IST" name="Test" finished-at="2023-12-31T21:00:09 IST" duration-ms="82">
      <class name="academy.DemoTestNg">
        <test-method signature="test1()[pri:0, instance:academy.DemoTestNg@433defed]" started-at="2023-12-31T21:00:09 IST" name="test1" finished-at="2023-12-31T21:00:09 IST" duration-ms="18" status="PASS">
          <reporter-output>
          </reporter-output>
        </test-method> <!-- test1 -->
      </class> <!-- academy.DemoTestNg -->
    </test> <!-- Test -->
  </suite> <!-- Suite -->
</testng-results>
