<?xml version="1.0" encoding="UTF-8"?>
<testng-results ignored="0" total="1" passed="1" failed="0" skipped="0">
  <reporter-output>
  </reporter-output>
  <suite started-at="2025-03-07T23:32:11 IST" name="Default suite" finished-at="2025-03-07T23:32:11 IST" duration-ms="26">
    <groups>
    </groups>
    <test started-at="2025-03-07T23:32:11 IST" name="Default test" finished-at="2025-03-07T23:32:11 IST" duration-ms="26">
      <class name="academy.DemoTestNg">
        <test-method signature="test1()[pri:0, instance:academy.DemoTestNg@75d4a5c2]" started-at="2025-03-07T23:32:11 IST" name="test1" finished-at="2025-03-07T23:32:11 IST" duration-ms="7" status="PASS">
          <reporter-output>
          </reporter-output>
        </test-method> <!-- test1 -->
      </class> <!-- academy.DemoTestNg -->
    </test> <!-- Default test -->
  </suite> <!-- Default suite -->
</testng-results>
